\BOOKMARK [1][-]{Abstract.1}{Abstract}{}
\BOOKMARK [1][-]{acknowledgments.1}{Acknowledgments}{}
\BOOKMARK [1][-]{tableofcontents.1}{Contents}{}
\BOOKMARK [0][]{chapter.1}{1 Introduction}{}
\BOOKMARK [1][-]{section.1.1}{1.1 Problem statement}{chapter.1}
\BOOKMARK [2][-]{subsection.1.1.1}{1.1.1 Background}{section.1.1}
\BOOKMARK [2][-]{subsection.1.1.2}{1.1.2 Delimitations}{section.1.1}
\BOOKMARK [2][-]{subsection.1.1.3}{1.1.3 Purpose}{section.1.1}
\BOOKMARK [1][-]{section.1.2}{1.2 Literature}{chapter.1}
\BOOKMARK [1][-]{section.1.3}{1.3 Remaining chapters}{chapter.1}
\BOOKMARK [0][]{chapter.2}{2 Method}{}
\BOOKMARK [1][-]{section.2.1}{2.1 Requirements}{chapter.2}
\BOOKMARK [1][-]{section.2.2}{2.2 Specification}{chapter.2}
\BOOKMARK [0][]{chapter.3}{3 Codspeech}{}
\BOOKMARK [0][]{chapter.4}{4 Conclusions}{}
\BOOKMARK [-1][]{part.1}{Appendix}{}
\BOOKMARK [0][]{appendix.A}{A Appendix Test}{part.1}
\BOOKMARK [1][-]{section.A.1}{A.1 Appendix Section Test}{appendix.A}
\BOOKMARK [1][-]{section.A.2}{A.2 Another Appendix Section Test}{appendix.A}
\BOOKMARK [0][]{dummy.2}{Bibliography}{part.1}
\BOOKMARK [0][]{colophon.0}{Colophon}{part.1}
\BOOKMARK [0][]{declaration.0}{Declaration}{part.1}
