<<<<<<< HEAD
\BOOKMARK [0][]{chapter.1}{1 Introduction}{}
\BOOKMARK [1][-]{section.1.1}{1.1 Problem statement}{chapter.1}
\BOOKMARK [2][-]{subsection.1.1.1}{1.1.1 Background}{section.1.1}
\BOOKMARK [2][-]{subsection.1.1.2}{1.1.2 Delimitations}{section.1.1}
\BOOKMARK [2][-]{subsection.1.1.3}{1.1.3 Purpose}{section.1.1}
\BOOKMARK [1][-]{section.1.2}{1.2 Literature}{chapter.1}
\BOOKMARK [1][-]{section.1.3}{1.3 Remaining chapters}{chapter.1}
\BOOKMARK [0][]{chapter.2}{2 Method}{}
\BOOKMARK [1][-]{section.2.1}{2.1 Requirements}{chapter.2}
\BOOKMARK [1][-]{section.2.2}{2.2 Specification}{chapter.2}
\BOOKMARK [0][]{chapter.3}{3 Codspeech}{}
\BOOKMARK [0][]{chapter.4}{4 Conclusions}{}
\BOOKMARK [0][]{chapter*.3}{ \040Bibliography}{}
\BOOKMARK [0][]{appendix.A}{A Source Code}{}
=======
\BOOKMARK [0][-]{chapter.1}{Introduction}{}
\BOOKMARK [1][-]{section.1.1}{Problem statement}{chapter.1}
\BOOKMARK [2][-]{subsection.1.1.1}{Background}{section.1.1}
\BOOKMARK [2][-]{subsection.1.1.2}{Delimitations}{section.1.1}
\BOOKMARK [2][-]{subsection.1.1.3}{Purpose}{section.1.1}
\BOOKMARK [1][-]{section.1.2}{Literature}{chapter.1}
\BOOKMARK [1][-]{section.1.3}{Remaining chapters}{chapter.1}
\BOOKMARK [0][-]{chapter.2}{Method}{}
\BOOKMARK [1][-]{section.2.1}{Requirements}{chapter.2}
\BOOKMARK [1][-]{section.2.2}{Specification}{chapter.2}
\BOOKMARK [0][-]{chapter.3}{Codspeech}{}
\BOOKMARK [1][-]{section.3.1}{Project overview}{chapter.3}
\BOOKMARK [1][-]{section.3.2}{Designing the dsl}{chapter.3}
\BOOKMARK [1][-]{section.3.3}{The resulting BNF}{chapter.3}
\BOOKMARK [1][-]{section.3.4}{Choosing tools}{chapter.3}
\BOOKMARK [1][-]{section.3.5}{Implementation}{chapter.3}
\BOOKMARK [2][-]{subsection.3.5.1}{Parser}{section.3.5}
\BOOKMARK [2][-]{subsection.3.5.2}{Typechecker}{section.3.5}
\BOOKMARK [2][-]{subsection.3.5.3}{XML generation}{section.3.5}
\BOOKMARK [2][-]{subsection.3.5.4}{emacs mode}{section.3.5}
\BOOKMARK [0][-]{chapter.4}{Conclusions}{}
\BOOKMARK [0][-]{chapter*.3}{ Bibliography}{}
\BOOKMARK [0][-]{appendix.A}{Source Code}{}
>>>>>>> origin/master
